<?xml version="1.0" encoding="UTF-8"?>
<!-- Generated by org.testng.reporters.JUnitReportReporter -->
<testsuite skipped="0" hostname="anekrasova-ubuntu" name="TestngFiles.Annotations" tests="2" failures="0" timestamp="23 Jul 2018 00:48:49 GMT" time="0.012" errors="0">
  <testcase name="FlightBooking" time="0.010" classname="TestngFiles.Annotations"/>
  <testcase name="OpeningBrowser" time="0.002" classname="TestngFiles.Annotations"/>
</testsuite> <!-- TestngFiles.Annotations -->
